<?xml version="1.0" encoding="UTF-8"?>
<!-- Generated by org.testng.reporters.JUnitXMLReporter -->
<testsuite hostname="LAPTOP-NCMTQCEJ" ignored="24" name="Test" tests="6" failures="0" timestamp="2022-05-13T13:30:49 EDT" time="63.404" errors="0">
  <testcase name="verifyInvalidUser" time="1.998" classname="testCases.LoginPageTestCases"/>
  <testcase name="verifyAllLinksInHomePage" time="4.877" classname="testCases.HomePageTestCases"/>
  <testcase name="isNonVegRadiobtnClicked" time="4.568" classname="testCases.ListsProductTestCases"/>
  <testcase name="verifyCalenderDateSelection" time="9.316" classname="testCases.ManageExpensesTestCases"/>
  <testcase name="verifyDuplicationOfExpenseCategory" time="4.295" classname="testCases.ManageExpensesTestCases"/>
  <testcase name="verifyAdditionOnViewTable" time="6.401" classname="testCases.ManageOrdersTestCases"/>
  <testcase name="verifyAddNewSlider" time="0.0" classname="testCases.ListsSliderTestCases">
    <ignored/>
  </testcase> <!-- verifyAddNewSlider -->
  <testcase name="verifyAddNewExpense" time="0.0" classname="testCases.ManageExpensesTestCases">
    <ignored/>
  </testcase> <!-- verifyAddNewExpense -->
  <testcase name="verifyPaymentLimitsOfUPI" time="0.0" classname="testCases.PaymentMethodTestCases">
    <ignored/>
  </testcase> <!-- verifyPaymentLimitsOfUPI -->
  <testcase name="verifyDeleteFromTable" time="0.0" classname="testCases.ListsProductTestCases">
    <ignored/>
  </testcase> <!-- verifyDeleteFromTable -->
  <testcase name="verifyStatusChangeOnClick" time="0.0" classname="testCases.ListsProductTestCases">
    <ignored/>
  </testcase> <!-- verifyStatusChangeOnClick -->
  <testcase name="verifySessionLogout" time="0.0" classname="testCases.HomePageTestCases">
    <ignored/>
  </testcase> <!-- verifySessionLogout -->
  <testcase name="verifyLoginUserNameTC" time="0.0" classname="testCases.HomePageTestCases">
    <ignored/>
  </testcase> <!-- verifyLoginUserNameTC -->
  <testcase name="isRememberMeOptionSelected" time="0.0" classname="testCases.LoginPageTestCases">
    <ignored/>
  </testcase> <!-- isRememberMeOptionSelected -->
  <testcase name="verifyDeleteIconColor" time="0.0" classname="testCases.CategoryTestCases">
    <ignored/>
  </testcase> <!-- verifyDeleteIconColor -->
  <testcase name="verifyTotalNumberOfDashboardItems" time="0.0" classname="testCases.HomePageTestCases">
    <ignored/>
  </testcase> <!-- verifyTotalNumberOfDashboardItems -->
  <testcase name="verifySearchProductWithUniqueId" time="0.0" classname="testCases.ListsProductTestCases">
    <ignored/>
  </testcase> <!-- verifySearchProductWithUniqueId -->
  <testcase name="verifyConfirmPasswordChangeForUser" time="0.0" classname="testCases.HomePageTestCases">
    <ignored/>
  </testcase> <!-- verifyConfirmPasswordChangeForUser -->
  <testcase name="verifySelectingCategoryDropDown" time="0.0" classname="testCases.ListsProductTestCases">
    <ignored/>
  </testcase> <!-- verifySelectingCategoryDropDown -->
  <testcase name="verifyManagePagesMoreInfoLink" time="0.0" classname="testCases.HomePageTestCases">
    <ignored/>
  </testcase> <!-- verifyManagePagesMoreInfoLink -->
  <testcase name="verifyDisplayNameLoginBtn" time="0.0" classname="testCases.LoginPageTestCases">
    <ignored/>
  </testcase> <!-- verifyDisplayNameLoginBtn -->
  <testcase name="verifyUserLogout" time="0.0" classname="testCases.HomePageTestCases">
    <ignored/>
  </testcase> <!-- verifyUserLogout -->
  <testcase name="verifyBrokenLinksInHomePage" time="0.0" classname="testCases.HomePageTestCases">
    <ignored/>
  </testcase> <!-- verifyBrokenLinksInHomePage -->
  <testcase name="verifyAllColNames" time="0.0" classname="testCases.ListsSliderTestCases">
    <ignored/>
  </testcase> <!-- verifyAllColNames -->
  <testcase name="verifyEditAndUpdateFromTable" time="0.0" classname="testCases.ListsProductTestCases">
    <ignored/>
  </testcase> <!-- verifyEditAndUpdateFromTable -->
  <testcase name="verifyTagNameForChooseFile" time="0.0" classname="testCases.ListsSliderTestCases">
    <ignored/>
  </testcase> <!-- verifyTagNameForChooseFile -->
  <testcase name="verifyLoginButtonText" time="0.0" classname="testCases.LoginPageTestCases">
    <ignored/>
  </testcase> <!-- verifyLoginButtonText -->
  <testcase name="verifyEditIconBkClr" time="0.0" classname="testCases.CategoryTestCases">
    <ignored/>
  </testcase> <!-- verifyEditIconBkClr -->
  <testcase name="verifyTotalNoOfLinksInFooter" time="0.0" classname="testCases.HomePageTestCases">
    <ignored/>
  </testcase> <!-- verifyTotalNoOfLinksInFooter -->
  <testcase name="verifySelectedItemMovesOnClick" time="0.0" classname="testCases.CategoryTestCases">
    <ignored/>
  </testcase> <!-- verifySelectedItemMovesOnClick -->
</testsuite> <!-- Test -->
