<?xml version="1.0" encoding="UTF-8"?>
<testng-results skipped="0" failed="0" ignored="1" total="1" passed="0">
  <reporter-output>
  </reporter-output>
  <suite name="Default suite" duration-ms="16" started-at="2022-05-13T13:31:31 EDT" finished-at="2022-05-13T13:31:31 EDT">
    <groups>
    </groups>
    <test name="Default test" duration-ms="16" started-at="2022-05-13T13:31:31 EDT" finished-at="2022-05-13T13:31:31 EDT">
    </test> <!-- Default test -->
  </suite> <!-- Default suite -->
</testng-results>
